<?xml version="1.0" encoding="UTF-8"?>
<testng-results ignored="0" total="1" passed="1" failed="0" skipped="0">
  <reporter-output>
  </reporter-output>
  <suite started-at="2020-11-22T11:32:26 IST" name="Default suite" finished-at="2020-11-22T11:32:28 IST" duration-ms="2513">
    <groups>
    </groups>
    <test started-at="2020-11-22T11:32:26 IST" name="Default test" finished-at="2020-11-22T11:32:28 IST" duration-ms="2513">
      <class name="Testcases.createIssue">
        <test-method signature="createIssue()[pri:0, instance:Testcases.createIssue@2cdd0d4b]" started-at="2020-11-22T11:32:26 IST" name="createIssue" finished-at="2020-11-22T11:32:28 IST" duration-ms="2469" status="PASS">
          <reporter-output>
          </reporter-output>
        </test-method> <!-- createIssue -->
      </class> <!-- Testcases.createIssue -->
    </test> <!-- Default test -->
  </suite> <!-- Default suite -->
</testng-results>
